This is pdfTeX, Version 3.141592653-2.6-1.40.24 (MiKTeX 21.12) (preloaded format=pdflatex 2022.1.23)  23 JAN 2022 18:39
entering extended mode
 restricted \write18 enabled.
 %&-line parsing enabled.
**./main.tex
(main.tex
LaTeX2e <2021-11-15> patch level 1
L3 programming layer <2021-11-22>
(C:\Users\oltean.madalina\AppData\Local\Programs\MiKTeX\tex/latex/base\article.
cls
Document Class: article 2021/10/04 v1.4n Standard LaTeX document class

(C:\Users\oltean.madalina\AppData\Local\Programs\MiKTeX\tex/latex/base\size10.c
lo
File: size10.clo 2021/10/04 v1.4n Standard LaTeX file (size option)
)
\c@part=\count183
\c@section=\count184
\c@subsection=\count185
\c@subsubsection=\count186
\c@paragraph=\count187
\c@subparagraph=\count188
\c@figure=\count189
\c@table=\count190
\abovecaptionskip=\skip47
\belowcaptionskip=\skip48
\bibindent=\dimen138
)
(C:\Users\oltean.madalina\AppData\Local\Programs\MiKTeX\tex/latex/base\inputenc
.sty
Package: inputenc 2021/02/14 v1.3d Input encoding file
\inpenc@prehook=\toks16
\inpenc@posthook=\toks17
)
(C:\Users\oltean.madalina\AppData\Local\Programs\MiKTeX\tex/latex/hyperref\hype
rref.sty
Package: hyperref 2021-06-07 v7.00m Hypertext links for LaTeX

(C:\Users\oltean.madalina\AppData\Local\Programs\MiKTeX\tex/generic/ltxcmds\ltx
cmds.sty
Package: ltxcmds 2020-05-10 v1.25 LaTeX kernel commands for general use (HO)
)
(C:\Users\oltean.madalina\AppData\Local\Programs\MiKTeX\tex/generic/iftex\iftex
.sty
Package: iftex 2020/03/06 v1.0d TeX engine tests
)
(C:\Users\oltean.madalina\AppData\Local\Programs\MiKTeX\tex/generic/pdftexcmds\
pdftexcmds.sty
Package: pdftexcmds 2020-06-27 v0.33 Utility functions of pdfTeX for LuaTeX (HO
)

(C:\Users\oltean.madalina\AppData\Local\Programs\MiKTeX\tex/generic/infwarerr\i
nfwarerr.sty
Package: infwarerr 2019/12/03 v1.5 Providing info/warning/error messages (HO)
)
Package pdftexcmds Info: \pdf@primitive is available.
Package pdftexcmds Info: \pdf@ifprimitive is available.
Package pdftexcmds Info: \pdfdraftmode found.
)
(C:\Users\oltean.madalina\AppData\Local\Programs\MiKTeX\tex/latex/graphics\keyv
al.sty
Package: keyval 2014/10/28 v1.15 key=value parser (DPC)
\KV@toks@=\toks18
)
(C:\Users\oltean.madalina\AppData\Local\Programs\MiKTeX\tex/generic/kvsetkeys\k
vsetkeys.sty
Package: kvsetkeys 2019/12/15 v1.18 Key value parser (HO)
)
(C:\Users\oltean.madalina\AppData\Local\Programs\MiKTeX\tex/generic/kvdefinekey
s\kvdefinekeys.sty
Package: kvdefinekeys 2019-12-19 v1.6 Define keys (HO)
)
(C:\Users\oltean.madalina\AppData\Local\Programs\MiKTeX\tex/generic/pdfescape\p
dfescape.sty
Package: pdfescape 2019/12/09 v1.15 Implements pdfTeX's escape features (HO)
)
(C:\Users\oltean.madalina\AppData\Local\Programs\MiKTeX\tex/latex/hycolor\hycol
or.sty
Package: hycolor 2020-01-27 v1.10 Color options for hyperref/bookmark (HO)
)
(C:\Users\oltean.madalina\AppData\Local\Programs\MiKTeX\tex/latex/letltxmacro\l
etltxmacro.sty
Package: letltxmacro 2019/12/03 v1.6 Let assignment for LaTeX macros (HO)
)
(C:\Users\oltean.madalina\AppData\Local\Programs\MiKTeX\tex/latex/auxhook\auxho
ok.sty
Package: auxhook 2019-12-17 v1.6 Hooks for auxiliary files (HO)
)
(C:\Users\oltean.madalina\AppData\Local\Programs\MiKTeX\tex/latex/kvoptions\kvo
ptions.sty
Package: kvoptions 2020-10-07 v3.14 Key value format for package options (HO)
)
\@linkdim=\dimen139
\Hy@linkcounter=\count191
\Hy@pagecounter=\count192

(C:\Users\oltean.madalina\AppData\Local\Programs\MiKTeX\tex/latex/hyperref\pd1e
nc.def
File: pd1enc.def 2021-06-07 v7.00m Hyperref: PDFDocEncoding definition (HO)
Now handling font encoding PD1 ...
... no UTF-8 mapping file for font encoding PD1
)
(C:\Users\oltean.madalina\AppData\Local\Programs\MiKTeX\tex/latex/hyperref\hype
rref-langpatches.def
File: hyperref-langpatches.def 2021-06-07 v7.00m Hyperref: patches for babel la
nguages
)
(C:\Users\oltean.madalina\AppData\Local\Programs\MiKTeX\tex/generic/intcalc\int
calc.sty
Package: intcalc 2019/12/15 v1.3 Expandable calculations with integers (HO)
)
(C:\Users\oltean.madalina\AppData\Local\Programs\MiKTeX\tex/generic/etexcmds\et
excmds.sty
Package: etexcmds 2019/12/15 v1.7 Avoid name clashes with e-TeX commands (HO)
)
\Hy@SavedSpaceFactor=\count193

(C:\Users\oltean.madalina\AppData\Local\Programs\MiKTeX\tex/latex/hyperref\puen
c.def
File: puenc.def 2021-06-07 v7.00m Hyperref: PDF Unicode definition (HO)
Now handling font encoding PU ...
... no UTF-8 mapping file for font encoding PU
)
Package hyperref Info: Hyper figures OFF on input line 4192.
Package hyperref Info: Link nesting OFF on input line 4197.
Package hyperref Info: Hyper index ON on input line 4200.
Package hyperref Info: Plain pages OFF on input line 4207.
Package hyperref Info: Backreferencing OFF on input line 4212.
Package hyperref Info: Implicit mode ON; LaTeX internals redefined.
Package hyperref Info: Bookmarks ON on input line 4445.
\c@Hy@tempcnt=\count194

(C:\Users\oltean.madalina\AppData\Local\Programs\MiKTeX\tex/latex/url\url.sty
\Urlmuskip=\muskip16
Package: url 2013/09/16  ver 3.4  Verb mode for urls, etc.
)
LaTeX Info: Redefining \url on input line 4804.
\XeTeXLinkMargin=\dimen140

(C:\Users\oltean.madalina\AppData\Local\Programs\MiKTeX\tex/generic/bitset\bits
et.sty
Package: bitset 2019/12/09 v1.3 Handle bit-vector datatype (HO)

(C:\Users\oltean.madalina\AppData\Local\Programs\MiKTeX\tex/generic/bigintcalc\
bigintcalc.sty
Package: bigintcalc 2019/12/15 v1.5 Expandable calculations on big integers (HO
)
))
\Fld@menulength=\count195
\Field@Width=\dimen141
\Fld@charsize=\dimen142
Package hyperref Info: Hyper figures OFF on input line 6076.
Package hyperref Info: Link nesting OFF on input line 6081.
Package hyperref Info: Hyper index ON on input line 6084.
Package hyperref Info: backreferencing OFF on input line 6091.
Package hyperref Info: Link coloring OFF on input line 6096.
Package hyperref Info: Link coloring with OCG OFF on input line 6101.
Package hyperref Info: PDF/A mode OFF on input line 6106.
LaTeX Info: Redefining \ref on input line 6146.
LaTeX Info: Redefining \pageref on input line 6150.

(C:\Users\oltean.madalina\AppData\Local\Programs\MiKTeX\tex/latex/base\atbegshi
-ltx.sty
Package: atbegshi-ltx 2021/01/10 v1.0c Emulation of the original atbegshi
package with kernel methods
)
\Hy@abspage=\count196
\c@Item=\count197
\c@Hfootnote=\count198
)
Package hyperref Info: Driver (autodetected): hpdftex.

(C:\Users\oltean.madalina\AppData\Local\Programs\MiKTeX\tex/latex/hyperref\hpdf
tex.def
File: hpdftex.def 2021-06-07 v7.00m Hyperref driver for pdfTeX

(C:\Users\oltean.madalina\AppData\Local\Programs\MiKTeX\tex/latex/base\atveryen
d-ltx.sty
Package: atveryend-ltx 2020/08/19 v1.0a Emulation of the original atveryend pac
kage
with kernel methods
)
\Fld@listcount=\count199
\c@bookmark@seq@number=\count266

(C:\Users\oltean.madalina\AppData\Local\Programs\MiKTeX\tex/latex/rerunfilechec
k\rerunfilecheck.sty
Package: rerunfilecheck 2019/12/05 v1.9 Rerun checks for auxiliary files (HO)

(C:\Users\oltean.madalina\AppData\Local\Programs\MiKTeX\tex/generic/uniquecount
er\uniquecounter.sty
Package: uniquecounter 2019/12/15 v1.4 Provide unlimited unique counter (HO)
)
Package uniquecounter Info: New unique counter `rerunfilecheck' on input line 2
86.
)
\Hy@SectionHShift=\skip49
)
(C:\Users\oltean.madalina\AppData\Local\Programs\MiKTeX\tex/latex/graphics\grap
hics.sty
Package: graphics 2021/03/04 v1.4d Standard LaTeX Graphics (DPC,SPQR)

(C:\Users\oltean.madalina\AppData\Local\Programs\MiKTeX\tex/latex/graphics\trig
.sty
Package: trig 2021/08/11 v1.11 sin cos tan (DPC)
)
(C:\Users\oltean.madalina\AppData\Local\Programs\MiKTeX\tex/latex/graphics-cfg\
graphics.cfg
File: graphics.cfg 2016/06/04 v1.11 sample graphics configuration
)
Package graphics Info: Driver file: pdftex.def on input line 107.

(C:\Users\oltean.madalina\AppData\Local\Programs\MiKTeX\tex/latex/graphics-def\
pdftex.def
File: pdftex.def 2020/10/05 v1.2a Graphics/color driver for pdftex
))
(C:\Users\oltean.madalina\AppData\Local\Programs\MiKTeX\tex/latex/graphics\grap
hicx.sty
Package: graphicx 2021/09/16 v1.2d Enhanced LaTeX Graphics (DPC,SPQR)
\Gin@req@height=\dimen143
\Gin@req@width=\dimen144
)
(C:\Users\oltean.madalina\AppData\Local\Programs\MiKTeX\tex/latex/caption\capti
on.sty
Package: caption 2020/10/26 v3.5g Customizing captions (AR)

(C:\Users\oltean.madalina\AppData\Local\Programs\MiKTeX\tex/latex/caption\capti
on3.sty
Package: caption3 2020/10/21 v2.2e caption3 kernel (AR)
\captionmargin=\dimen145
\captionmargin@=\dimen146
\captionwidth=\dimen147
\caption@tempdima=\dimen148
\caption@indent=\dimen149
\caption@parindent=\dimen150
\caption@hangindent=\dimen151
Package caption Info: Standard document class detected.
)
\c@caption@flags=\count267
\c@continuedfloat=\count268
Package caption Info: hyperref package is loaded.
)
(C:\Users\oltean.madalina\AppData\Local\Programs\MiKTeX\tex/latex/minted\minted
.sty
Package: minted 2021/12/24 v2.6 Yet another Pygments shim for LaTeX

(C:\Users\oltean.madalina\AppData\Local\Programs\MiKTeX\tex/latex/fvextra\fvext
ra.sty
Package: fvextra 2019/02/04 v1.4 fvextra - extensions and patches for fancyvrb

(C:\Users\oltean.madalina\AppData\Local\Programs\MiKTeX\tex/latex/base\ifthen.s
ty
Package: ifthen 2020/11/24 v1.1c Standard LaTeX ifthen package (DPC)
)
(C:\Users\oltean.madalina\AppData\Local\Programs\MiKTeX\tex/latex/etoolbox\etoo
lbox.sty
Package: etoolbox 2020/10/05 v2.5k e-TeX tools for LaTeX (JAW)
\etb@tempcnta=\count269
)
(C:\Users\oltean.madalina\AppData\Local\Programs\MiKTeX\tex/latex/fancyvrb\fanc
yvrb.sty
Package: fancyvrb 2021/12/21 4.1b verbatim text (tvz,hv)
\FV@CodeLineNo=\count270
\FV@InFile=\read2
\FV@TabBox=\box50
\c@FancyVerbLine=\count271
\FV@StepNumber=\count272
\FV@OutFile=\write3
)
(C:\Users\oltean.madalina\AppData\Local\Programs\MiKTeX\tex/latex/upquote\upquo
te.sty
Package: upquote 2012/04/19 v1.3 upright-quote and grave-accent glyphs in verba
tim
)
(C:\Users\oltean.madalina\AppData\Local\Programs\MiKTeX\tex/latex/lineno\lineno
.sty
Package: lineno 2005/11/02 line numbers on paragraphs v4.41
\linenopenalty=\count273
\output=\toks19
\linenoprevgraf=\count274
\linenumbersep=\dimen152
\linenumberwidth=\dimen153
\c@linenumber=\count275
\c@pagewiselinenumber=\count276
\c@LN@truepage=\count277
\c@internallinenumber=\count278
\c@internallinenumbers=\count279
\quotelinenumbersep=\dimen154
\bframerule=\dimen155
\bframesep=\dimen156
\bframebox=\box51
LaTeX Info: Redefining \\ on input line 3056.
)
\c@FV@TrueTabGroupLevel=\count280
\c@FV@TrueTabCounter=\count281
\FV@TabBox@Group=\box52
\FV@TmpLength=\skip50
\c@FV@HighlightLinesStart=\count282
\c@FV@HighlightLinesStop=\count283
\FV@LoopCount=\count284
\FV@NCharsBox=\box53
\FV@BreakIndent=\dimen157
\FV@BreakIndentNChars=\count285
\FV@BreakSymbolSepLeft=\dimen158
\FV@BreakSymbolSepLeftNChars=\count286
\FV@BreakSymbolSepRight=\dimen159
\FV@BreakSymbolSepRightNChars=\count287
\FV@BreakSymbolIndentLeft=\dimen160
\FV@BreakSymbolIndentLeftNChars=\count288
\FV@BreakSymbolIndentRight=\dimen161
\FV@BreakSymbolIndentRightNChars=\count289
\c@FancyVerbLineBreakLast=\count290
\FV@LineBox=\box54
\FV@LineIndentBox=\box55
\FV@LineWidth=\dimen162
)
(C:\Users\oltean.madalina\AppData\Local\Programs\MiKTeX\tex/latex/tools\calc.st
y
Package: calc 2017/05/25 v4.3 Infix arithmetic (KKT,FJ)
\calc@Acount=\count291
\calc@Bcount=\count292
\calc@Adimen=\dimen163
\calc@Bdimen=\dimen164
\calc@Askip=\skip51
\calc@Bskip=\skip52
LaTeX Info: Redefining \setlength on input line 80.
LaTeX Info: Redefining \addtolength on input line 81.
\calc@Ccount=\count293
\calc@Cskip=\skip53
)
(C:\Users\oltean.madalina\AppData\Local\Programs\MiKTeX\tex/latex/tools\shelles
c.sty
Package: shellesc 2019/11/08 v1.0c unified shell escape interface for LaTeX
Package shellesc Info: Restricted shell escape enabled on input line 77.
)
(C:\Users\oltean.madalina\AppData\Local\Programs\MiKTeX\tex/latex/ifplatform\if
platform.sty
Package: ifplatform 2017/10/13 v0.4a Testing for the operating system

(C:\Users\oltean.madalina\AppData\Local\Programs\MiKTeX\tex/generic/catchfile\c
atchfile.sty
Package: catchfile 2019/12/09 v1.8 Catch the contents of a file (HO)
)
(C:\Users\oltean.madalina\AppData\Local\Programs\MiKTeX\tex/generic/iftex\iflua
tex.sty
Package: ifluatex 2019/10/25 v1.5 ifluatex legacy package. Use iftex instead.
)

Package ifplatform Warning: 
    shell escape is disabled, so I can only detect \ifwindows.

)
(C:\Users\oltean.madalina\AppData\Local\Programs\MiKTeX\tex/latex/xstring\xstri
ng.sty
(C:\Users\oltean.madalina\AppData\Local\Programs\MiKTeX\tex/generic/xstring\xst
ring.tex
\integerpart=\count294
\decimalpart=\count295
)
Package: xstring 2021/07/21 v1.84 String manipulations (CT)
)
(C:\Users\oltean.madalina\AppData\Local\Programs\MiKTeX\tex/latex/framed\framed
.sty
Package: framed 2011/10/22 v 0.96: framed or shaded text with page breaks
\OuterFrameSep=\skip54
\fb@frw=\dimen165
\fb@frh=\dimen166
\FrameRule=\dimen167
\FrameSep=\dimen168
)
(C:\Users\oltean.madalina\AppData\Local\Programs\MiKTeX\tex/latex/float\float.s
ty
Package: float 2001/11/08 v1.3d Float enhancements (AL)
\c@float@type=\count296
\float@exts=\toks20
\float@box=\box56
\@float@everytoks=\toks21
\@floatcapt=\box57
)
\minted@appexistsfile=\read3
\minted@bgbox=\box58
\minted@code=\write4
\c@minted@FancyVerbLineTemp=\count297
\c@minted@pygmentizecounter=\count298
\@float@every@listing=\toks22
\c@listing=\count299
)
runsystem(if not exist _minted-main mkdir _minted-main)...disabled (restricted)
.



! Package minted Error: You must invoke LaTeX with the -shell-escape flag.

See the minted package documentation for explanation.
Type  H <return>  for immediate help.
 ...                                              
                                                  
l.10 \usepackage
                {datetime}
Pass the -shell-escape flag to LaTeX. Refer to the minted.sty documentation for
 more information.


(C:\Users\oltean.madalina\AppData\Local\Programs\MiKTeX\tex/latex/datetime\date
time.sty
Package: datetime 2015/03/20 v2.60 Date Time Package

(C:\Users\oltean.madalina\AppData\Local\Programs\MiKTeX\tex/latex/fmtcount\fmtc
ount.sty
Package: fmtcount 2020/01/30 v3.07

(C:\Users\oltean.madalina\AppData\Local\Programs\MiKTeX\tex/latex/xkeyval\xkeyv
al.sty
Package: xkeyval 2020/11/20 v2.8 package option processing (HA)

(C:\Users\oltean.madalina\AppData\Local\Programs\MiKTeX\tex/generic/xkeyval\xke
yval.tex
(C:\Users\oltean.madalina\AppData\Local\Programs\MiKTeX\tex/generic/xkeyval\xkv
utils.tex
\XKV@toks=\toks23
\XKV@tempa@toks=\toks24
)
\XKV@depth=\count300
File: xkeyval.tex 2014/12/03 v2.7a key=value parser (HA)
))
(C:\Users\oltean.madalina\AppData\Local\Programs\MiKTeX\tex/latex/fmtcount\fcpr
efix.sty
Package: fcprefix 2012/09/28

(C:\Users\oltean.madalina\AppData\Local\Programs\MiKTeX\tex/latex/fmtcount\fcnu
mparser.sty
Package: fcnumparser 2017/06/15
\fc@digit@counter=\count301
))
(C:\Users\oltean.madalina\AppData\Local\Programs\MiKTeX\tex/latex/amsmath\amsge
n.sty
File: amsgen.sty 1999/11/30 v2.0 generic functions
\@emptytoks=\toks25
\ex@=\dimen169
)
\c@padzeroesN=\count302
\fc@tmpcatcode=\count303
\@DT@modctr=\count304
\@ordinalctr=\count305
\@orgargctr=\count306
\@strctr=\count307
\@tmpstrctr=\count308
\@DT@loopN=\count309
\@DT@X=\count310
)
(C:\Users\oltean.madalina\AppData\Local\Programs\MiKTeX\tex/latex/datetime\date
time-defaults.sty
Package: datetime-defaults 2013/09/10
)
\@day=\count311
\@month=\count312
\@year=\count313
\c@HOUR=\count314
\c@HOURXII=\count315
\c@MINUTE=\count316
\c@TOHOUR=\count317
\c@TOMINUTE=\count318
\c@SECOND=\count319
\currenthour=\count320
\currentminute=\count321
\currentsecond=\count322
Package datetime Info: No datetime.cfg file found, using default settings on in
put line 308.
\@dtctr=\count323
\dayofyear=\count324
\dayofweek=\count325
LaTeX Info: Redefining \today on input line 736.
\dt@a=\toks26
\dt@b=\toks27
)
(C:\Users\oltean.madalina\AppData\Local\Programs\MiKTeX\tex/latex/amsmath\amsma
th.sty
Package: amsmath 2021/10/15 v2.17l AMS math features
\@mathmargin=\skip55

For additional information on amsmath, use the `?' option.

(C:\Users\oltean.madalina\AppData\Local\Programs\MiKTeX\tex/latex/amsmath\amste
xt.sty
Package: amstext 2021/08/26 v2.01 AMS text
)
(C:\Users\oltean.madalina\AppData\Local\Programs\MiKTeX\tex/latex/amsmath\amsbs
y.sty
Package: amsbsy 1999/11/29 v1.2d Bold Symbols
\pmbraise@=\dimen170
)
(C:\Users\oltean.madalina\AppData\Local\Programs\MiKTeX\tex/latex/amsmath\amsop
n.sty
Package: amsopn 2021/08/26 v2.02 operator names
)
\inf@bad=\count326
LaTeX Info: Redefining \frac on input line 234.
\uproot@=\count327
\leftroot@=\count328
LaTeX Info: Redefining \overline on input line 399.
\classnum@=\count329
\DOTSCASE@=\count330
LaTeX Info: Redefining \ldots on input line 496.
LaTeX Info: Redefining \dots on input line 499.
LaTeX Info: Redefining \cdots on input line 620.
\Mathstrutbox@=\box59
\strutbox@=\box60
\big@size=\dimen171
LaTeX Font Info:    Redeclaring font encoding OML on input line 743.
LaTeX Font Info:    Redeclaring font encoding OMS on input line 744.
\macc@depth=\count331
\c@MaxMatrixCols=\count332
\dotsspace@=\muskip17
\c@parentequation=\count333
\dspbrk@lvl=\count334
\tag@help=\toks28
\row@=\count335
\column@=\count336
\maxfields@=\count337
\andhelp@=\toks29
\eqnshift@=\dimen172
\alignsep@=\dimen173
\tagshift@=\dimen174
\tagwidth@=\dimen175
\totwidth@=\dimen176
\lineht@=\dimen177
\@envbody=\toks30
\multlinegap=\skip56
\multlinetaggap=\skip57
\mathdisplay@stack=\toks31
LaTeX Info: Redefining \[ on input line 2938.
LaTeX Info: Redefining \] on input line 2939.
)
(C:\Users\oltean.madalina\AppData\Local\Programs\MiKTeX\tex/latex/xcolor\xcolor
.sty
Package: xcolor 2021/10/31 v2.13 LaTeX color extensions (UK)

(C:\Users\oltean.madalina\AppData\Local\Programs\MiKTeX\tex/latex/graphics-cfg\
color.cfg
File: color.cfg 2016/01/02 v1.6 sample color configuration
)
Package xcolor Info: Driver file: pdftex.def on input line 227.
Package xcolor Info: Model `cmy' substituted by `cmy0' on input line 1352.
Package xcolor Info: Model `hsb' substituted by `rgb' on input line 1356.
Package xcolor Info: Model `RGB' extended on input line 1368.
Package xcolor Info: Model `HTML' substituted by `rgb' on input line 1370.
Package xcolor Info: Model `Hsb' substituted by `hsb' on input line 1371.
Package xcolor Info: Model `tHsb' substituted by `hsb' on input line 1372.
Package xcolor Info: Model `HSB' substituted by `hsb' on input line 1373.
Package xcolor Info: Model `Gray' substituted by `gray' on input line 1374.
Package xcolor Info: Model `wave' substituted by `hsb' on input line 1375.
)
runsystem(for ^%i in (pygmentize.exe pygmentize.bat pygmentize.cmd) do set > ma
in.aex <nul: /p x=^%~$PATH:i>> main.aex)...disabled (restricted).


! Emergency stop.
<read 3> 
         
l.36 \begin{document}
                     
*** (cannot \read from terminal in nonstop modes)

 
Here is how much of TeX's memory you used:
 13782 strings out of 478659
 239996 string characters out of 2841180
 592334 words of memory out of 3000000
 31746 multiletter control sequences out of 15000+600000
 403430 words of font info for 27 fonts, out of 8000000 for 9000
 1141 hyphenation exceptions out of 8191
 70i,0n,76p,1008b,65s stack positions out of 5000i,500n,10000p,200000b,80000s
!  ==> Fatal error occurred, no output PDF file produced!
